<?xml version="1.0" encoding="UTF-8"?>
<!-- Generated by org.testng.reporters.JUnitXMLReporter -->
<testsuite hostname="SML-0687" name="Test" tests="2" failures="1" timestamp="15 Jan 2018 12:20:19 GMT" time="7.439" errors="0">
  <testcase name="Test2" time="0.03" classname="utility.MyFirstTestcase">
    <failure type="java.lang.AssertionError" message="expected [true] but found [false]">
      <![CDATA[java.lang.AssertionError: expected [true] but found [false]
	at utility.MyFirstTestcase.Test2(MyFirstTestcase.java:29)
... Removed 28 stack frames]]>
    </failure>
  </testcase> <!-- Test2 -->
  <testcase name="VerifyTitle" time="7.399" classname="utility.MyFirstTestcase"/>
</testsuite> <!-- Test -->
