<?xml version="1.0" encoding="UTF-8"?>
<!-- Generated by org.testng.reporters.JUnitXMLReporter -->
<testsuite hostname="SML-0687" name="Command line test b029c3a6-b325-4745-ae7d-da8284930f7a" tests="10" failures="5" timestamp="30 Nov 2018 12:59:00 GMT" time="0.0" errors="0">
  <testcase name="testMethod" time="0.0" classname="basicPrograms.Issue1020TestclassSample">
    <failure type="java.lang.AssertionError" message="Even tests fail">
      <![CDATA[java.lang.AssertionError: Even tests fail
	at basicPrograms.Issue1020TestclassSample.testMethod(Issue1020TestclassSample.java:13)
	at basicPrograms.Issue1020TestRunner.testMethod(Issue1020TestRunner.java:41)
... Removed 46 stack frames]]>
    </failure>
  </testcase> <!-- testMethod -->
  <testcase name="testMethod" time="0.0" classname="basicPrograms.Issue1020TestclassSample"/>
  <testcase name="testMethod" time="0.0" classname="basicPrograms.Issue1020TestclassSample">
    <failure type="java.lang.AssertionError" message="Even tests fail">
      <![CDATA[java.lang.AssertionError: Even tests fail
	at basicPrograms.Issue1020TestclassSample.testMethod(Issue1020TestclassSample.java:13)
	at basicPrograms.Issue1020TestRunner.testMethod(Issue1020TestRunner.java:41)
... Removed 46 stack frames]]>
    </failure>
  </testcase> <!-- testMethod -->
  <testcase name="testMethod" time="0.0" classname="basicPrograms.Issue1020TestclassSample"/>
  <testcase name="testMethod" time="0.0" classname="basicPrograms.Issue1020TestclassSample">
    <failure type="java.lang.AssertionError" message="Even tests fail">
      <![CDATA[java.lang.AssertionError: Even tests fail
	at basicPrograms.Issue1020TestclassSample.testMethod(Issue1020TestclassSample.java:13)
	at basicPrograms.Issue1020TestRunner.testMethod(Issue1020TestRunner.java:41)
... Removed 46 stack frames]]>
    </failure>
  </testcase> <!-- testMethod -->
  <testcase name="testMethod" time="0.0" classname="basicPrograms.Issue1020TestclassSample"/>
  <testcase name="testMethod" time="0.0" classname="basicPrograms.Issue1020TestclassSample">
    <failure type="java.lang.AssertionError" message="Even tests fail">
      <![CDATA[java.lang.AssertionError: Even tests fail
	at basicPrograms.Issue1020TestclassSample.testMethod(Issue1020TestclassSample.java:13)
	at basicPrograms.Issue1020TestRunner.testMethod(Issue1020TestRunner.java:41)
... Removed 46 stack frames]]>
    </failure>
  </testcase> <!-- testMethod -->
  <testcase name="testMethod" time="0.0" classname="basicPrograms.Issue1020TestclassSample"/>
  <testcase name="testMethod" time="0.0" classname="basicPrograms.Issue1020TestclassSample">
    <failure type="java.lang.AssertionError" message="Even tests fail">
      <![CDATA[java.lang.AssertionError: Even tests fail
	at basicPrograms.Issue1020TestclassSample.testMethod(Issue1020TestclassSample.java:13)
	at basicPrograms.Issue1020TestRunner.testMethod(Issue1020TestRunner.java:41)
... Removed 46 stack frames]]>
    </failure>
  </testcase> <!-- testMethod -->
  <testcase name="testMethod" time="0.0" classname="basicPrograms.Issue1020TestclassSample"/>
</testsuite> <!-- Command line test b029c3a6-b325-4745-ae7d-da8284930f7a -->
