<?xml version="1.0" encoding="UTF-8"?>
<!-- Generated by org.testng.reporters.JUnitXMLReporter -->
<testsuite hostname="SML-0687" name="SaveTestNGResultToExcel" tests="6" failures="2" timestamp="31 Dec 2018 11:12:13 GMT" time="31.938" errors="0">
  <testcase name="LaunchWebsite" time="6.338" classname="lib.SaveTestNGResultToExcel"/>
  <testcase name="FillLoginDetails" time="1.46" classname="lib.SaveTestNGResultToExcel"/>
  <testcase name="DoLogin" time="2.591" classname="lib.SaveTestNGResultToExcel">
    <failure type="java.lang.AssertionError" message="expected [true] but found [false]">
      <![CDATA[java.lang.AssertionError: expected [true] but found [false]
	at lib.SaveTestNGResultToExcel.DoLogin(SaveTestNGResultToExcel.java:101)
... Removed 28 stack frames]]>
    </failure>
  </testcase> <!-- DoLogin -->
  <testcase name="LaunchWebsite" time="8.143" classname="lib.SaveTestNGResultToExcelO"/>
  <testcase name="FillLoginDetails" time="1.535" classname="lib.SaveTestNGResultToExcelO"/>
  <testcase name="DoLogin" time="2.759" classname="lib.SaveTestNGResultToExcelO">
    <failure type="java.lang.AssertionError" message="expected [true] but found [false]">
      <![CDATA[java.lang.AssertionError: expected [true] but found [false]
	at lib.SaveTestNGResultToExcelO.DoLogin(SaveTestNGResultToExcelO.java:101)
... Removed 28 stack frames]]>
    </failure>
  </testcase> <!-- DoLogin -->
</testsuite> <!-- SaveTestNGResultToExcel -->
